100 10000 lab0 stdHC 83458 16625014
100 10000 lab1 stdHC 83458 16626170
100 10000 lab2 stdHC 83458 16623742
100 1000 lab0 1HC 13479 2064288
100 1000 lab0 stdHC 13479 2062963
100 1000 lab1 1HC 13479 2064413
100 1000 lab1 stdHC 13479 2063214
100 1000 lab2 1HC 13479 2064414
100 1000 lab2 stdHC 13479 2064133
100 100 lab0 1HC 1373 204263
100 100 lab0 stdHC 1373 204259
100 100 lab1 1HC 1373 204307
100 100 lab1 stdHC 1373 204303
100 100 lab2 1HC 1373 204256
100 100 lab2 stdHC 1373 204311
100 10 100 0 13479 2058857
100 10 100 1 13479 2058403
100 10 100 2 13479 2058379
1 100 lab0 1HC 2304 243747
1 100 lab0 stdHC 2322 243587
1 100 lab1 1HC 2313 243506
1 100 lab1 stdHC 2317 243440
1 100 lab2 1HC 2326 243486
1 100 lab2 stdHC 2279 243316
